<?xml version="1.0" encoding="UTF-8"?>
<!-- Generated by org.testng.reporters.JUnitReportReporter -->
<testsuite hostname="hclch0047.ap.elcompanies.net" name="com.qa.tests.NewlaunchesOLX" tests="1" failures="0" timestamp="13 Apr 2020 09:26:07 GMT" time="50.623" errors="0">
  <testcase name="NewlaunchesNaviagtion" time="50.623" classname="com.qa.tests.NewlaunchesOLX"/>
</testsuite> <!-- com.qa.tests.NewlaunchesOLX -->
