<?xml version="1.0" encoding="UTF-8"?>
<!-- Generated by org.testng.reporters.JUnitReportReporter -->
<testsuite hostname="hclch0047.ap.elcompanies.net" name="com.qa.tests.TheGoodsOLX" tests="1" failures="0" timestamp="13 Apr 2020 09:26:07 GMT" time="67.844" errors="0">
  <testcase name="TheGoodsNaviagtion" time="67.844" classname="com.qa.tests.TheGoodsOLX"/>
</testsuite> <!-- com.qa.tests.TheGoodsOLX -->
