<?xml version="1.0" encoding="UTF-8"?>
<!-- Generated by org.testng.reporters.JUnitReportReporter -->
<testsuite hostname="Srijans-MacBook-Pro.local" name="com.qa.tests.HomepageOLX" tests="1" failures="0" timestamp="15 Apr 2020 16:58:56 GMT" time="10.124" errors="0">
  <testcase name="HomeNavigation" time="10.124" classname="com.qa.tests.HomepageOLX"/>
</testsuite> <!-- com.qa.tests.HomepageOLX -->
