<?xml version="1.0" encoding="UTF-8"?>
<!-- Generated by org.testng.reporters.JUnitReportReporter -->
<testsuite hostname="Srijans-MacBook-Pro.local" name="com.qa.tests.Demo$Test_BeforeClassAndBeforeMethod" tests="1" failures="0" timestamp="15 Apr 2020 11:54:04 GMT" time="38.111" errors="0">
  <testcase name="start" time="38.111" classname="com.qa.tests.Demo$Test_BeforeClassAndBeforeMethod"/>
</testsuite> <!-- com.qa.tests.Demo$Test_BeforeClassAndBeforeMethod -->
