<?xml version="1.0" encoding="UTF-8"?>
<!-- Generated by org.testng.reporters.JUnitReportReporter -->
<testsuite hostname="hclch0047.ap.elcompanies.net" name="com.qa.tests.GoodViewsOLX" tests="1" failures="0" timestamp="13 Apr 2020 09:26:07 GMT" time="47.217" errors="0">
  <testcase name="GoodviewsNaviagtion" time="47.217" classname="com.qa.tests.GoodViewsOLX"/>
</testsuite> <!-- com.qa.tests.GoodViewsOLX -->
