<?xml version="1.0" encoding="UTF-8"?>
<!-- Generated by org.testng.reporters.JUnitReportReporter -->
<testsuite hostname="Srijans-MacBook-Pro.local" name="com.qa.tests.Phptravelslogin" tests="2" failures="0" timestamp="12 Apr 2020 21:20:43 GMT" time="22.580" errors="0">
  <testcase name="pageTitle" time="7.321" classname="com.qa.tests.Phptravelslogin"/>
  <testcase name="pageUrl" time="15.259" classname="com.qa.tests.Phptravelslogin"/>
</testsuite> <!-- com.qa.tests.Phptravelslogin -->
