<?xml version="1.0" encoding="UTF-8"?>
<!-- Generated by org.testng.reporters.JUnitReportReporter -->
<testsuite hostname="hclch0047.ap.elcompanies.net" name="com.qa.tests.GoodnewsOLX" tests="1" failures="0" timestamp="13 Apr 2020 09:26:07 GMT" time="50.417" errors="0">
  <testcase name="GoodnewsNaviagtion" time="50.417" classname="com.qa.tests.GoodnewsOLX"/>
</testsuite> <!-- com.qa.tests.GoodnewsOLX -->
