<?xml version="1.0" encoding="UTF-8"?>
<!-- Generated by org.testng.reporters.JUnitReportReporter -->
<testsuite hostname="Srijans-MacBook-Pro.local" name="com.qa.tests.TestNgpractice1" tests="2" failures="0" timestamp="12 Apr 2020 23:09:46 GMT" time="28.070" errors="0">
  <testcase name="pageUrl" time="3.383" classname="com.qa.tests.TestNgpractice1"/>
  <testcase name="appLogin" time="24.687" classname="com.qa.tests.TestNgpractice1"/>
</testsuite> <!-- com.qa.tests.TestNgpractice1 -->
