<?xml version="1.0" encoding="UTF-8"?>
<!-- Generated by org.testng.reporters.JUnitReportReporter -->
<testsuite hostname="Srijans-MacBook-Pro.local" name="com.qa.tests.OrangeHRMLoginPage" tests="2" failures="0" timestamp="15 Apr 2020 06:55:15 GMT" time="20.850" errors="0">
  <testcase name="LoginApp" time="14.720" classname="com.qa.tests.OrangeHRMLoginPage"/>
  <testcase name="MenuItemsAction" time="6.130" classname="com.qa.tests.OrangeHRMLoginPage"/>
</testsuite> <!-- com.qa.tests.OrangeHRMLoginPage -->
