<?xml version="1.0" encoding="UTF-8"?>
<!-- Generated by org.testng.reporters.JUnitReportReporter -->
<testsuite hostname="Srijans-MacBook-Pro.local" name="com.qa.tests.TestNgpractice2" tests="1" failures="0" timestamp="12 Apr 2020 23:09:51 GMT" time="21.013" errors="0">
  <testcase name="NewlaunchesNaviagtion" time="21.013" classname="com.qa.tests.TestNgpractice2"/>
</testsuite> <!-- com.qa.tests.TestNgpractice2 -->
