<?xml version="1.0" encoding="UTF-8"?>
<!-- Generated by org.testng.reporters.JUnitReportReporter -->
<testsuite hostname="Srijans-MacBook-Pro.local" name="com.qa.tests.PracticeTestNG" tests="1" failures="0" timestamp="12 Apr 2020 07:05:42 GMT" time="0.006" errors="0">
  <testcase name="testm1" time="0.006" classname="com.qa.tests.PracticeTestNG"/>
</testsuite> <!-- com.qa.tests.PracticeTestNG -->
