<?xml version="1.0" encoding="UTF-8"?>
<!-- Generated by org.testng.reporters.JUnitReportReporter -->
<testsuite hostname="hee003434.eu.elcompanies.net" name="com.qa.tests.Homepageautomation" tests="2" failures="0" timestamp="8 Apr 2020 10:12:33 GMT" time="88.605" errors="0">
  <testcase name="Login" time="70.303" classname="com.qa.tests.Homepageautomation"/>
  <testcase name="Homepage" time="18.302" classname="com.qa.tests.Homepageautomation"/>
</testsuite> <!-- com.qa.tests.Homepageautomation -->
